[debug] [2020-10-24T02:43:54.920Z] ----------------------------------------------------------------------
[debug] [2020-10-24T02:43:54.922Z] Command:       C:\Program Files (x86)\nodejs\node.exe C:\Users\Octaaf de Bolle\AppData\Roaming\npm\node_modules\firebase-tools\bin\firebase init
[debug] [2020-10-24T02:43:54.922Z] CLI Version:   4.2.1
[debug] [2020-10-24T02:43:54.922Z] Platform:      win32
[debug] [2020-10-24T02:43:54.922Z] Node Version:  v12.14.0
[debug] [2020-10-24T02:43:54.923Z] Time:          Sat Oct 24 2020 04:43:54 GMT+0200 (Central European Summer Time)
[debug] [2020-10-24T02:43:54.923Z] ----------------------------------------------------------------------
[debug] 
[debug] [2020-10-24T02:43:54.929Z] > command requires scopes: ["email","openid","https://www.googleapis.com/auth/cloudplatformprojects.readonly","https://www.googleapis.com/auth/firebase"]
[debug] [2020-10-24T02:43:54.929Z] > authorizing via signed-in user
[info] 
     ######## #### ########  ######## ########     ###     ######  ########
     ##        ##  ##     ## ##       ##     ##  ##   ##  ##       ##
     ######    ##  ########  ######   ########  #########  ######  ######
     ##        ##  ##    ##  ##       ##     ## ##     ##       ## ##
     ##       #### ##     ## ######## ########  ##     ##  ######  ########

You're about to initialize a Firebase project in this directory:

  C:\Users\Octaaf de Bolle\OneDrive - Hogeschool Leiden\School\IPMEDTH\Praktijkonderzoek

Before we get started, keep in mind:

  * You are initializing in an existing Firebase project directory

[info] 
=== Project Setup
[info] 
[info] First, let's associate this project directory with a Firebase project.
[info] You can create multiple project aliases by running firebase use --add, 
[info] but for now we'll just set up a default project.
[info] 
[debug] [2020-10-24T02:43:57.981Z] > refreshing access token with scopes: ["email","https://www.googleapis.com/auth/cloudplatformprojects.readonly","https://www.googleapis.com/auth/firebase","openid"]
[debug] [2020-10-24T02:43:57.982Z] >>> HTTP REQUEST POST https://www.googleapis.com/oauth2/v3/token  

[debug] [2020-10-24T02:43:58.116Z] <<< HTTP RESPONSE 200
[debug] [2020-10-24T02:43:58.126Z] >>> HTTP REQUEST GET https://admin.firebase.com/v1/projects  
 
[debug] [2020-10-24T02:44:19.235Z] Error: connect ETIMEDOUT 104.197.85.31:443
    at TCPConnectWrap.afterConnect [as oncomplete] (net.js:1129:14)
[error] 
[error] Error: Server Error. connect ETIMEDOUT 104.197.85.31:443
